[DEBUG DH_unified] model=1 eps=78.0900000000 kappa=0.4546483344 Qsum=0.0672174312 S=0.0375991477 Tsum=0.0214603963 sum_x_dadx=-0.1303043564
[DEBUG Zres] t=298.1500000000 rho=56618.6733245143 Zhc=9.6764475352 Zdisp=-7.8213008099 Zpolar=0.0000000000 Zassoc=-2.8427631705 Zion=-0.0116710768 Zborn=0.0000000000 Zres=-0.9992875220 Z=0.0007124780
[DEBUG mu_res] t=298.1500000000 rho=56618.6733245143
  i=0 mu_hc=17.9768551866 mu_disp=-38.5164036117 mu_polar=0.0000000000 mu_assoc=-2.0180860484 mu_ion=-2.0154427234 mu_born=0.0000000000 mu_res=-24.5730771968 lnphi=-6.6096664033
  i=1 mu_hc=28.2929525595 mu_disp=-13.8269984935 mu_polar=0.0000000000 mu_assoc=-3.7594209556 mu_ion=-1.8616574278 mu_born=0.0000000000 mu_res=8.8448756826 lnphi=26.8082864762
  i=2 mu_hc=35.8188768069 mu_disp=-41.8293954091 mu_polar=0.0000000000 mu_assoc=-20.5185596584 mu_ion=0.0000000000 mu_born=0.0000000000 mu_res=-26.5290782605 lnphi=-8.5656674669
[DEBUG Zres] t=298.1500000000 rho=56618.6733245143 Zhc=9.6764475352 Zdisp=-7.8213008099 Zpolar=0.0000000000 Zassoc=-2.8427631705 Zion=-0.0116710768 Zborn=0.0000000000 Zres=-0.9992875220 Z=0.0007124780
[DEBUG Zres] t=298.1500000000 rho=55340.2614021885 Zhc=10.0345166089 Zdisp=-7.9563695335 Zpolar=0.0000000000 Zassoc=-3.0774181384 Zion=0.0000000000 Zborn=0.0000000000 Zres=-0.9992710631 Z=0.0007289369
[DEBUG mu_res] t=298.1500000000 rho=55340.2614021885
  i=0 mu_hc=18.1427745861 mu_disp=-39.7398598811 mu_polar=0.0000000000 mu_assoc=-2.1304687836 mu_ion=0.0000000000 mu_born=0.0000000000 mu_res=-23.7275540786 lnphi=-5.8207549282
  i=1 mu_hc=28.5555888955 mu_disp=-13.8981073952 mu_polar=0.0000000000 mu_assoc=-3.9700231037 mu_ion=0.0000000000 mu_born=0.0000000000 mu_res=10.6874583967 lnphi=28.5942575471
  i=2 mu_hc=36.1526130682 mu_disp=-41.6908839745 mu_polar=0.0000000000 mu_assoc=-20.9415646120 mu_ion=0.0000000000 mu_born=0.0000000000 mu_res=-26.4798355184 lnphi=-8.5730363680
[DEBUG DH_unified] model=1 eps=78.0900000000 kappa=0.4548906376 Qsum=0.0672174312 S=0.0371688784 Tsum=0.0209339584 sum_x_dadx=-0.1285030396
[DEBUG Zres] t=298.1500000000 rho=56679.0388371470 Zhc=9.7478949229 Zdisp=-7.8857110896 Zpolar=0.0000000000 Zassoc=-2.8500812691 Zion=-0.0113908449 Zborn=0.0000000000 Zres=-0.9992882808 Z=0.0007117192
[DEBUG mu_res] t=298.1500000000 rho=56679.0388371470
  i=0 mu_hc=24.3079384120 mu_disp=-28.0493545018 mu_polar=0.0000000000 mu_assoc=-3.0536202558 mu_ion=-1.9039034174 mu_born=0.0000000000 mu_res=-8.6989397631 lnphi=9.2671124820
  i=1 mu_hc=23.2003074077 mu_disp=-29.2241683015 mu_polar=0.0000000000 mu_assoc=-2.8660623353 mu_ion=-1.9196000180 mu_born=0.0000000000 mu_res=-10.8095232471 lnphi=7.1565289980
  i=2 mu_hc=36.0268823537 mu_disp=-42.0247424781 mu_polar=0.0000000000 mu_assoc=-20.5454878540 mu_ion=0.0000000000 mu_born=0.0000000000 mu_res=-26.5433479784 lnphi=-8.5772957333
[DEBUG Zres] t=298.1500000000 rho=56679.0388371470 Zhc=9.7478949229 Zdisp=-7.8857110896 Zpolar=0.0000000000 Zassoc=-2.8500812691 Zion=-0.0113908449 Zborn=0.0000000000 Zres=-0.9992882808 Z=0.0007117192
[DEBUG Zres] t=298.1500000000 rho=55340.2614021884 Zhc=10.0345166089 Zdisp=-7.9563695335 Zpolar=0.0000000000 Zassoc=-3.0774181384 Zion=0.0000000000 Zborn=0.0000000000 Zres=-0.9992710631 Z=0.0007289369
[DEBUG mu_res] t=298.1500000000 rho=55340.2614021884
  i=0 mu_hc=24.3970162567 mu_disp=-28.8536975808 mu_polar=0.0000000000 mu_assoc=-3.2154761229 mu_ion=0.0000000000 mu_born=0.0000000000 mu_res=-7.6721574470 lnphi=10.2346417037
  i=1 mu_hc=23.2860047970 mu_disp=-30.0833148370 mu_polar=0.0000000000 mu_assoc=-3.0179216084 mu_ion=0.0000000000 mu_born=0.0000000000 mu_res=-9.8152316484 lnphi=8.0915675024
  i=2 mu_hc=36.1526130682 mu_disp=-41.6908839745 mu_polar=0.0000000000 mu_assoc=-20.9415646120 mu_ion=0.0000000000 mu_born=0.0000000000 mu_res=-26.4798355184 lnphi=-8.5730363676
[DEBUG DH_unified] model=1 eps=78.0900000000 kappa=0.4483265250 Qsum=0.0672174312 S=0.0351423219 Tsum=0.0187940114 sum_x_dadx=-0.1184160321
[DEBUG Zres] t=298.1500000000 rho=55055.0737727614 Zhc=9.5227585384 Zdisp=-7.6977663447 Zpolar=0.0000000000 Zassoc=-2.8141806187 Zion=-0.0100788621 Zborn=0.0000000000 Zres=-0.9992672871 Z=0.0007327129
[DEBUG mu_res] t=298.1500000000 rho=55055.0737727614
  i=0 mu_hc=25.9301334736 mu_disp=-32.2528090045 mu_polar=0.0000000000 mu_assoc=-3.3634526403 mu_ion=-1.8108725266 mu_born=0.0000000000 mu_res=-11.4970006978 lnphi=6.3969912067
  i=1 mu_hc=35.2961558010 mu_disp=-18.4280366548 mu_polar=0.0000000000 mu_assoc=-5.0392065873 mu_ion=-1.7125002035 mu_born=0.0000000000 mu_res=10.1164123554 lnphi=28.0104042599
  i=2 mu_hc=34.7530540975 mu_disp=-40.9583254599 mu_polar=0.0000000000 mu_assoc=-20.2408812876 mu_ion=0.0000000000 mu_born=0.0000000000 mu_res=-26.4461526501 lnphi=-8.5521607456
[DEBUG Zres] t=298.1500000000 rho=55055.0737727614 Zhc=9.5227585384 Zdisp=-7.6977663447 Zpolar=0.0000000000 Zassoc=-2.8141806187 Zion=-0.0100788621 Zborn=0.0000000000 Zres=-0.9992672871 Z=0.0007327129
[DEBUG Zres] t=298.1500000000 rho=55340.2614021884 Zhc=10.0345166089 Zdisp=-7.9563695335 Zpolar=0.0000000000 Zassoc=-3.0774181384 Zion=0.0000000000 Zborn=0.0000000000 Zres=-0.9992710631 Z=0.0007289369
[DEBUG mu_res] t=298.1500000000 rho=55340.2614021884
  i=0 mu_hc=26.9462762802 mu_disp=-33.8304521454 mu_polar=0.0000000000 mu_assoc=-3.6753750200 mu_ion=0.0000000000 mu_born=0.0000000000 mu_res=-10.5595508853 lnphi=7.3472482652
  i=1 mu_hc=36.7308538917 mu_disp=-18.8390212112 mu_polar=0.0000000000 mu_assoc=-5.5096454448 mu_ion=0.0000000000 mu_born=0.0000000000 mu_res=12.3821872357 lnphi=30.2889863862
  i=2 mu_hc=36.1526130682 mu_disp=-41.6908839745 mu_polar=0.0000000000 mu_assoc=-20.9415646120 mu_ion=0.0000000000 mu_born=0.0000000000 mu_res=-26.4798355184 lnphi=-8.5730363679
[DEBUG DH_unified] model=1 eps=78.0900000000 kappa=0.4496061505 Qsum=0.0672174312 S=0.0351017947 Tsum=0.0187367088 sum_x_dadx=-0.1185695695
[DEBUG Zres] t=298.1500000000 rho=55369.8015789041 Zhc=9.6700416862 Zdisp=-7.8267884169 Zpolar=0.0000000000 Zassoc=-2.8324479097 Zion=-0.0100768115 Zborn=0.0000000000 Zres=-0.9992714520 Z=0.0007285480
[DEBUG mu_res] t=298.1500000000 rho=55369.8015789041
  i=0 mu_hc=33.3740615638 mu_disp=-26.4093721549 mu_polar=0.0000000000 mu_assoc=-4.6487323900 mu_ion=-1.7365125198 mu_born=0.0000000000 mu_res=0.5794444991 lnphi=18.4875664699
  i=1 mu_hc=28.1033167996 mu_disp=-35.9298552905 mu_polar=0.0000000000 mu_assoc=-3.7118516513 mu_ion=-1.7914285897 mu_born=0.0000000000 mu_res=-13.3298187319 lnphi=4.5783032388
  i=2 mu_hc=35.2581431757 mu_disp=-41.4039972779 mu_polar=0.0000000000 mu_assoc=-20.3291106599 mu_ion=0.0000000000 mu_born=0.0000000000 mu_res=-26.4749647621 lnphi=-8.5668427914
[DEBUG Zres] t=298.1500000000 rho=55369.8015789041 Zhc=9.6700416862 Zdisp=-7.8267884169 Zpolar=0.0000000000 Zassoc=-2.8324479097 Zion=-0.0100768115 Zborn=0.0000000000 Zres=-0.9992714520 Z=0.0007285480
[DEBUG Zres] t=298.1500000000 rho=55340.2614021885 Zhc=10.0345166089 Zdisp=-7.9563695335 Zpolar=0.0000000000 Zassoc=-3.0774181384 Zion=0.0000000000 Zborn=0.0000000000 Zres=-0.9992710631 Z=0.0007289369
[DEBUG mu_res] t=298.1500000000 rho=55340.2614021885
  i=0 mu_hc=34.2217182066 mu_disp=-27.0593478483 mu_polar=0.0000000000 mu_assoc=-5.0302571359 mu_ion=0.0000000000 mu_born=0.0000000000 mu_res=2.1321132223 lnphi=20.0389123729
  i=1 mu_hc=28.8033794975 mu_disp=-37.2736564014 mu_polar=0.0000000000 mu_assoc=-4.0156669316 mu_ion=0.0000000000 mu_born=0.0000000000 mu_res=-12.4859438356 lnphi=5.4208553150
  i=2 mu_hc=36.1526130682 mu_disp=-41.6908839745 mu_polar=0.0000000000 mu_assoc=-20.9415646120 mu_ion=0.0000000000 mu_born=0.0000000000 mu_res=-26.4798355184 lnphi=-8.5730363677

=== NaCl 2008 m=2.0 ===
rho=56618.673325 phi=0.924359

=== NaCl 2014 m=2.0 ===
rho=56679.038837 phi=0.989457

=== KBr 2008 m=2.0 ===
rho=55055.073773 phi=0.848745

=== KBr 2014 m=2.0 ===
rho=55369.801579 phi=0.930939
