\BOOKMARK [1][-]{section.1}{\376\377\000P\000a\000r\000a\000m\000e\000t\000e\000r\000\040\000S\000e\000t\000u\000p}{}% 1
\BOOKMARK [2][-]{subsection.1.1}{\376\377\000B\000a\000s\000e\000\040\000M\000i\000x\000t\000u\000r\000e\000\040\000Q\000u\000a\000n\000t\000i\000t\000i\000e\000s}{section.1}% 2
\BOOKMARK [2][-]{subsection.1.2}{\376\377\000S\000i\000z\000e\000\040\000a\000n\000d\000\040\000D\000i\000a\000m\000e\000t\000e\000r\000\040\000R\000u\000l\000e\000s}{section.1}% 3
\BOOKMARK [3][-]{subsubsection.1.2.1}{\376\377\000S\000e\000g\000m\000e\000n\000t\000\040\000D\000i\000a\000m\000e\000t\000e\000r}{subsection.1.2}% 4
\BOOKMARK [3][-]{subsubsection.1.2.2}{\376\377\000I\000o\000n\000\040\000D\000i\000a\000m\000e\000t\000e\000r\000\040\000R\000u\000l\000e}{subsection.1.2}% 5
\BOOKMARK [2][-]{subsection.1.3}{\376\377\000P\000a\000i\000r\000\040\000M\000i\000x\000i\000n\000g\000\040\000R\000u\000l\000e\000s}{section.1}% 6
\BOOKMARK [2][-]{subsection.1.4}{\376\377\000R\000e\000l\000a\000t\000i\000v\000e\000\040\000P\000e\000r\000m\000i\000t\000t\000i\000v\000i\000t\000y}{section.1}% 7
\BOOKMARK [3][-]{subsubsection.1.4.1}{\376\377\000M\000o\000l\000e\000-\000F\000r\000a\000c\000t\000i\000o\000n\000\040\000R\000u\000l\000e}{subsection.1.4}% 8
\BOOKMARK [3][-]{subsubsection.1.4.2}{\376\377\000M\000a\000s\000s\000-\000F\000r\000a\000c\000t\000i\000o\000n\000\040\000R\000u\000l\000e}{subsection.1.4}% 9
\BOOKMARK [3][-]{subsubsection.1.4.3}{\376\377\000S\000o\000l\000v\000e\000n\000t\000-\000I\000o\000n\000\040\000R\000u\000l\000e}{subsection.1.4}% 10
\BOOKMARK [3][-]{subsubsection.1.4.4}{\376\377\000I\000o\000n\000-\000S\000u\000p\000p\000r\000e\000s\000s\000e\000d\000\040\000E\000m\000p\000i\000r\000i\000c\000a\000l\000\040\000R\000u\000l\000e}{subsection.1.4}% 11
\BOOKMARK [1][-]{section.2}{\376\377\000D\000e\000n\000s\000i\000t\000y}{}% 12
\BOOKMARK [2][-]{subsection.2.1}{\376\377\000P\000a\000c\000k\000i\000n\000g\000-\000F\000r\000a\000c\000t\000i\000o\000n\000\040\000M\000o\000m\000e\000n\000t\000s}{section.2}% 13
\BOOKMARK [2][-]{subsection.2.2}{\376\377\000P\000a\000c\000k\000i\000n\000g\000\040\000F\000r\000a\000c\000t\000i\000o\000n}{section.2}% 14
\BOOKMARK [2][-]{subsection.2.3}{\376\377\000D\000e\000n\000s\000i\000t\000y\000\040\000C\000o\000n\000v\000e\000r\000s\000i\000o\000n}{section.2}% 15
\BOOKMARK [2][-]{subsection.2.4}{\376\377\000P\000r\000e\000s\000s\000u\000r\000e\000-\000D\000e\000n\000s\000i\000t\000y\000\040\000C\000l\000o\000s\000u\000r\000e}{section.2}% 16
\BOOKMARK [1][-]{section.3}{\376\377\000C\000o\000n\000t\000r\000i\000b\000u\000t\000i\000o\000n\000\040\000I\000n\000t\000e\000r\000m\000e\000d\000i\000a\000t\000e\000s}{}% 17
\BOOKMARK [2][-]{subsection.3.1}{\376\377\000H\000a\000r\000d\000-\000C\000h\000a\000i\000n}{section.3}% 18
\BOOKMARK [3][-]{subsubsection.3.1.1}{\376\377\000H\000a\000r\000d\000-\000S\000p\000h\000e\000r\000e\000\040\000H\000e\000l\000m\000h\000o\000l\000t\000z\000\040\000T\000e\000r\000m\000\040\000a\000h\000s}{subsection.3.1}% 19
\BOOKMARK [3][-]{subsubsection.3.1.2}{\376\377\000H\000a\000r\000d\000-\000S\000p\000h\000e\000r\000e\000\040\000C\000o\000n\000t\000a\000c\000t\000\040\000V\000a\000l\000u\000e\000\040\000g\000h\000s}{subsection.3.1}% 20
\BOOKMARK [2][-]{subsection.3.2}{\376\377\000D\000i\000s\000p\000e\000r\000s\000i\000o\000n}{section.3}% 21
\BOOKMARK [3][-]{subsubsection.3.2.1}{\376\377\000F\000i\000r\000s\000t\000-\000O\000r\000d\000e\000r\000\040\000C\000o\000m\000p\000r\000e\000s\000s\000i\000b\000i\000l\000i\000t\000y\000\040\000P\000r\000e\000f\000a\000c\000t\000o\000r}{subsection.3.2}% 22
\BOOKMARK [3][-]{subsubsection.3.2.2}{\376\377\000F\000i\000r\000s\000t\000\040\000M\000i\000x\000e\000d\000\040\000D\000i\000s\000p\000e\000r\000s\000i\000o\000n\000\040\000M\000o\000m\000e\000n\000t}{subsection.3.2}% 23
\BOOKMARK [3][-]{subsubsection.3.2.3}{\376\377\000S\000e\000c\000o\000n\000d\000\040\000M\000i\000x\000e\000d\000\040\000D\000i\000s\000p\000e\000r\000s\000i\000o\000n\000\040\000M\000o\000m\000e\000n\000t}{subsection.3.2}% 24
\BOOKMARK [3][-]{subsubsection.3.2.4}{\376\377\000F\000i\000r\000s\000t\000\040\000P\000a\000c\000k\000i\000n\000g\000\040\000P\000o\000l\000y\000n\000o\000m\000i\000a\000l}{subsection.3.2}% 25
\BOOKMARK [3][-]{subsubsection.3.2.5}{\376\377\000S\000e\000c\000o\000n\000d\000\040\000P\000a\000c\000k\000i\000n\000g\000\040\000P\000o\000l\000y\000n\000o\000m\000i\000a\000l}{subsection.3.2}% 26
\BOOKMARK [3][-]{subsubsection.3.2.6}{\376\377\000D\000i\000s\000p\000e\000r\000s\000i\000o\000n\000\040\000P\000o\000l\000y\000n\000o\000m\000i\000a\000l\000\040\000C\000o\000e\000f\000f\000i\000c\000i\000e\000n\000t\000s\000\040\000a\000i\000\050\000\051}{subsection.3.2}% 27
\BOOKMARK [3][-]{subsubsection.3.2.7}{\376\377\000D\000i\000s\000p\000e\000r\000s\000i\000o\000n\000\040\000P\000o\000l\000y\000n\000o\000m\000i\000a\000l\000\040\000C\000o\000e\000f\000f\000i\000c\000i\000e\000n\000t\000s\000\040\000b\000i\000\050\000\051}{subsection.3.2}% 28
\BOOKMARK [2][-]{subsection.3.3}{\376\377\000A\000s\000s\000o\000c\000i\000a\000t\000i\000o\000n}{section.3}% 29
\BOOKMARK [3][-]{subsubsection.3.3.1}{\376\377\000A\000s\000s\000o\000c\000i\000a\000t\000i\000o\000n\000\040\000S\000i\000t\000e\000\040\000F\000r\000a\000c\000t\000i\000o\000n}{subsection.3.3}% 30
\BOOKMARK [3][-]{subsubsection.3.3.2}{\376\377\000C\000o\000m\000p\000o\000n\000e\000n\000t\000\040\000S\000i\000t\000e\000\040\000D\000e\000n\000s\000i\000t\000y}{subsection.3.3}% 31
\BOOKMARK [3][-]{subsubsection.3.3.3}{\376\377\000A\000s\000s\000o\000c\000i\000a\000t\000i\000o\000n\000\040\000S\000t\000r\000e\000n\000g\000t\000h}{subsection.3.3}% 32
\BOOKMARK [2][-]{subsection.3.4}{\376\377\000D\000e\000b\000y\000e\000\040\000H\000u\000c\000k\000e\000l}{section.3}% 33
\BOOKMARK [3][-]{subsubsection.3.4.1}{\376\377\000S\000c\000r\000e\000e\000n\000i\000n\000g\000\040\000P\000a\000r\000a\000m\000e\000t\000e\000r\000\040}{subsection.3.4}% 34
\BOOKMARK [3][-]{subsubsection.3.4.2}{\376\377\000F\000i\000n\000i\000t\000e\000-\000S\000i\000z\000e\000\040\000C\000o\000r\000r\000e\000c\000t\000i\000o\000n\000\040\000i}{subsection.3.4}% 35
\BOOKMARK [2][-]{subsection.3.5}{\376\377\000B\000o\000r\000n}{section.3}% 36
\BOOKMARK [3][-]{subsubsection.3.5.1}{\376\377\000B\000o\000r\000n\000\040\000D\000i\000a\000m\000e\000t\000e\000r\000\040\000R\000u\000l\000e}{subsection.3.5}% 37
\BOOKMARK [3][-]{subsubsection.3.5.2}{\376\377\000B\000o\000r\000n\000\040\000M\000i\000x\000i\000n\000g\000\040\000F\000u\000n\000c\000t\000i\000o\000n}{subsection.3.5}% 38
\BOOKMARK [3][-]{subsubsection.3.5.3}{\376\377\000B\000o\000r\000n\000\040\000S\000h\000e\000l\000l\000\040\000S\000h\000i\000f\000t}{subsection.3.5}% 39
\BOOKMARK [3][-]{subsubsection.3.5.4}{\376\377\000B\000a\000s\000e\000\040\000I\000n\000v\000e\000r\000s\000e\000-\000D\000i\000a\000m\000e\000t\000e\000r\000\040\000T\000e\000r\000m}{subsection.3.5}% 40
\BOOKMARK [3][-]{subsubsection.3.5.5}{\376\377\000S\000o\000l\000v\000a\000t\000i\000o\000n\000-\000S\000h\000e\000l\000l\000\040\000I\000n\000v\000e\000r\000s\000e\000-\000D\000i\000a\000m\000e\000t\000e\000r\000\040\000T\000e\000r\000m}{subsection.3.5}% 41
\BOOKMARK [3][-]{subsubsection.3.5.6}{\376\377\000D\000i\000e\000l\000e\000c\000t\000r\000i\000c\000-\000S\000a\000t\000u\000r\000a\000t\000i\000o\000n\000\040\000I\000n\000v\000e\000r\000s\000e\000-\000D\000i\000a\000m\000e\000t\000e\000r\000\040\000T\000e\000r\000m}{subsection.3.5}% 42
\BOOKMARK [1][-]{section.4}{\376\377\000R\000e\000s\000i\000d\000u\000a\000l\000\040\000H\000e\000l\000m\000h\000o\000l\000t\000z\000\040\000E\000n\000e\000r\000g\000y}{}% 43
\BOOKMARK [2][-]{subsection.4.1}{\376\377\000H\000a\000r\000d\000-\000C\000h\000a\000i\000n\000\040\000R\000e\000f\000e\000r\000e\000n\000c\000e\000\040\000C\000o\000n\000t\000r\000i\000b\000u\000t\000i\000o\000n}{section.4}% 44
\BOOKMARK [2][-]{subsection.4.2}{\376\377\000D\000i\000s\000p\000e\000r\000s\000i\000o\000n\000\040\000C\000o\000n\000t\000r\000i\000b\000u\000t\000i\000o\000n}{section.4}% 45
\BOOKMARK [2][-]{subsection.4.3}{\376\377\000A\000s\000s\000o\000c\000i\000a\000t\000i\000o\000n\000\040\000C\000o\000n\000t\000r\000i\000b\000u\000t\000i\000o\000n}{section.4}% 46
\BOOKMARK [2][-]{subsection.4.4}{\376\377\000D\000e\000b\000y\000e\000\040\000a\000n\000d\000\040\000H\000u\000c\000k\000e\000l\000\040\000C\000o\000n\000t\000r\000i\000b\000u\000t\000i\000o\000n}{section.4}% 47
\BOOKMARK [2][-]{subsection.4.5}{\376\377\000B\000o\000r\000n\000\040\000C\000o\000n\000t\000r\000i\000b\000u\000t\000i\000o\000n}{section.4}% 48
\BOOKMARK [1][-]{section.5}{\376\377\000C\000o\000m\000p\000r\000e\000s\000s\000i\000b\000i\000l\000i\000t\000y\000\040\000F\000a\000c\000t\000o\000r}{}% 49
\BOOKMARK [1][-]{section.6}{\376\377\000C\000h\000e\000m\000i\000c\000a\000l\000\040\000P\000o\000t\000e\000n\000t\000i\000a\000l}{}% 50
\BOOKMARK [1][-]{section.7}{\376\377\000F\000u\000g\000a\000c\000i\000t\000y\000\040\000C\000o\000e\000f\000f\000i\000c\000i\000e\000n\000t}{}% 51
\BOOKMARK [1][-]{section.8}{\376\377\000A\000c\000t\000i\000v\000i\000t\000y\000\040\000C\000o\000e\000f\000f\000i\000c\000i\000e\000n\000t}{}% 52
\BOOKMARK [2][-]{subsection.8.1}{\376\377\000S\000y\000m\000m\000e\000t\000r\000i\000c\000\040\000R\000e\000f\000e\000r\000e\000n\000c\000e}{section.8}% 53
\BOOKMARK [2][-]{subsection.8.2}{\376\377\000I\000n\000f\000i\000n\000i\000t\000e\000-\000D\000i\000l\000u\000t\000i\000o\000n\000\040\000R\000e\000f\000e\000r\000e\000n\000c\000e}{section.8}% 54
\BOOKMARK [2][-]{subsection.8.3}{\376\377\000M\000e\000a\000n\000\040\000I\000o\000n\000i\000c\000\040\000A\000c\000t\000i\000v\000i\000t\000y\000\040\000C\000o\000e\000f\000f\000i\000c\000i\000e\000n\000t}{section.8}% 55
\BOOKMARK [1][-]{section.9}{\376\377\000E\000n\000t\000h\000a\000l\000p\000y\000,\000\040\000E\000n\000t\000r\000o\000p\000y\000,\000\040\000a\000n\000d\000\040\000G\000i\000b\000b\000s\000\040\000F\000r\000e\000e\000\040\000E\000n\000e\000r\000g\000y}{}% 56
\BOOKMARK [2][-]{subsection.9.1}{\376\377\000E\000n\000t\000r\000o\000p\000y}{section.9}% 57
\BOOKMARK [2][-]{subsection.9.2}{\376\377\000E\000n\000t\000r\000o\000p\000y}{section.9}% 58
\BOOKMARK [2][-]{subsection.9.3}{\376\377\000G\000i\000b\000b\000s\000\040\000F\000r\000e\000e\000\040\000E\000n\000e\000r\000g\000y}{section.9}% 59
\BOOKMARK [1][-]{section.10}{\376\377\000C\000o\000n\000v\000e\000r\000s\000i\000o\000n\000s}{}% 60
\BOOKMARK [2][-]{subsection.10.1}{\376\377\000M\000e\000a\000n\000\040\000I\000o\000n\000i\000c\000\040\000C\000o\000n\000v\000e\000r\000s\000i\000o\000n\000s}{section.10}% 61
\BOOKMARK [2][-]{subsection.10.2}{\376\377\000M\000o\000l\000e\000-\000F\000r\000a\000c\000t\000i\000o\000n\000\040\000a\000n\000d\000\040\000M\000o\000l\000a\000l\000i\000t\000y\000\040\000B\000a\000s\000i\000s}{section.10}% 62
\BOOKMARK [1][-]{section.11}{\376\377\000S\000u\000p\000p\000l\000e\000m\000e\000n\000t\000a\000l}{}% 63
\BOOKMARK [2][-]{subsection.11.1}{\376\377\000L\000e\000g\000a\000c\000y\000\040\000/\000\040\000P\000a\000p\000e\000r\000-\000D\000i\000r\000e\000c\000t\000\040\000E\000x\000p\000r\000e\000s\000s\000i\000o\000n\000s}{section.11}% 64
\BOOKMARK [3][-]{subsubsection.11.1.1}{\376\377\000D\000e\000b\000y\000e\000-\000H\000u\000c\000k\000e\000l\000\040\000D\000e\000n\000s\000i\000t\000y\000\040\000D\000i\000f\000f\000e\000r\000e\000n\000t\000i\000a\000l}{subsection.11.1}% 65
\BOOKMARK [3][-]{subsubsection.11.1.2}{\376\377\000C\000a\000m\000e\000r\000e\000t\000t\000i\000\040\0002\0000\0000\0005\000\040\000C\000h\000e\000m\000i\000c\000a\000l\000-\000P\000o\000t\000e\000n\000t\000i\000a\000l\000\040\000F\000o\000r\000m\000s}{subsection.11.1}% 66
\BOOKMARK [2][-]{subsection.11.2}{\376\377\000B\000j\000e\000r\000r\000u\000m\000\040\000T\000r\000e\000a\000t\000m\000e\000n\000t}{section.11}% 67
\BOOKMARK [3][-]{subsubsection.11.2.1}{\376\377\000S\000t\000a\000t\000e\000\040\000a\000n\000d\000\040\000R\000e\000s\000i\000d\000u\000a\000l\000\040\000H\000e\000l\000m\000h\000o\000l\000t\000z\000\040\000R\000e\000l\000a\000t\000i\000o\000n\000s}{subsection.11.2}% 68
\BOOKMARK [3][-]{subsubsection.11.2.2}{\376\377\000D\000e\000n\000s\000i\000t\000y\000\040\000D\000i\000f\000f\000e\000r\000e\000n\000t\000i\000a\000l}{subsection.11.2}% 69
\BOOKMARK [3][-]{subsubsection.11.2.3}{\376\377\000C\000o\000m\000p\000o\000s\000i\000t\000i\000o\000n\000\040\000D\000i\000f\000f\000e\000r\000e\000n\000t\000i\000a\000l}{subsection.11.2}% 70
\BOOKMARK [3][-]{subsubsection.11.2.4}{\376\377\000I\000o\000n\000-\000P\000a\000i\000r\000i\000n\000g\000\040\000R\000e\000l\000a\000t\000i\000o\000n\000s}{subsection.11.2}% 71
