\BOOKMARK [1][-]{section.1}{\376\377\000R\000e\000s\000i\000d\000u\000a\000l\000\040\000H\000e\000l\000m\000h\000o\000l\000z\000\040\000E\000n\000e\000r\000g\000y}{}% 1
\BOOKMARK [2][-]{subsection.1.1}{\376\377\000H\000a\000r\000d\000-\000C\000h\000a\000i\000n\000\040\000R\000e\000f\000e\000r\000e\000n\000c\000e\000\040\000C\000o\000n\000t\000r\000i\000b\000u\000t\000i\000o\000n}{section.1}% 2
\BOOKMARK [2][-]{subsection.1.2}{\376\377\000D\000i\000s\000p\000e\000r\000s\000i\000o\000n\000\040\000C\000o\000n\000t\000r\000i\000b\000u\000t\000i\000o\000n}{section.1}% 3
\BOOKMARK [2][-]{subsection.1.3}{\376\377\000A\000s\000s\000o\000c\000i\000a\000t\000i\000o\000n\000\040\000C\000o\000n\000t\000r\000i\000b\000u\000t\000i\000o\000n}{section.1}% 4
\BOOKMARK [2][-]{subsection.1.4}{\376\377\000D\000e\000b\000y\000e\000\040\000a\000n\000d\000\040\000H\000u\000c\000k\000e\000l\000\040\000E\000l\000e\000c\000t\000r\000o\000l\000y\000t\000e\000\040\000T\000e\000r\000m\000\040\000C\000o\000n\000t\000r\000i\000b\000u\000t\000i\000o\000n}{section.1}% 5
\BOOKMARK [3][-]{subsubsection.1.4.1}{\376\377\000I\000o\000n\000\040\000D\000i\000a\000m\000e\000t\000e\000r}{subsection.1.4}% 6
\BOOKMARK [3][-]{subsubsection.1.4.2}{\376\377\000D\000i\000e\000l\000e\000c\000t\000r\000i\000c\000\040\000C\000o\000n\000s\000t\000a\000n\000t}{subsection.1.4}% 7
\BOOKMARK [3][-]{subsubsection.1.4.3}{\376\377\000B\000j\000e\000r\000r\000u\000m\000\040\000T\000r\000e\000a\000t\000m\000e\000n\000t}{subsection.1.4}% 8
\BOOKMARK [2][-]{subsection.1.5}{\376\377\000B\000o\000r\000n\000\040\000E\000l\000e\000c\000t\000r\000o\000l\000y\000t\000e\000\040\000T\000e\000r\000m\000\040\000C\000o\000n\000t\000r\000i\000b\000u\000t\000i\000o\000n}{section.1}% 9
\BOOKMARK [3][-]{subsubsection.1.5.1}{\376\377\000S\000o\000l\000v\000a\000t\000i\000o\000n\000\040\000S\000h\000e\000l\000l\000\040\000M\000o\000d\000e\000l\000\040\000+\000\040\000D\000i\000e\000l\000e\000c\000t\000r\000i\000c\000\040\000S\000a\000t\000u\000r\000a\000t\000i\000o\000n}{subsection.1.5}% 10
\BOOKMARK [1][-]{section.2}{\376\377\000P\000r\000e\000s\000s\000u\000r\000e\000\040\000\050\000C\000o\000m\000p\000r\000e\000s\000s\000i\000b\000i\000l\000i\000t\000y\000\040\000F\000a\000c\000t\000o\000r\000\051}{}% 11
\BOOKMARK [2][-]{subsection.2.1}{\376\377\000H\000a\000r\000d\000-\000C\000h\000a\000i\000n\000\040\000R\000e\000f\000e\000r\000e\000n\000c\000e\000\040\000C\000o\000n\000t\000r\000i\000b\000u\000t\000i\000o\000n}{section.2}% 12
\BOOKMARK [2][-]{subsection.2.2}{\376\377\000D\000i\000s\000p\000e\000r\000s\000i\000o\000n\000\040\000C\000o\000n\000t\000r\000i\000b\000u\000t\000i\000o\000n}{section.2}% 13
\BOOKMARK [2][-]{subsection.2.3}{\376\377\000A\000s\000s\000o\000c\000i\000a\000t\000i\000o\000n\000\040\000C\000o\000n\000t\000r\000i\000b\000u\000t\000i\000o\000n}{section.2}% 14
\BOOKMARK [2][-]{subsection.2.4}{\376\377\000D\000e\000b\000y\000e\000\040\000a\000n\000d\000\040\000H\000u\000c\000k\000e\000l\000\040\000E\000l\000e\000c\000t\000r\000o\000l\000y\000t\000e\000\040\000T\000e\000r\000m\000\040\000C\000o\000n\000t\000r\000i\000b\000u\000t\000i\000o\000n}{section.2}% 15
\BOOKMARK [3][-]{subsubsection.2.4.1}{\376\377\000B\000j\000e\000r\000r\000u\000m\000\040\000T\000r\000e\000a\000t\000m\000e\000n\000t}{subsection.2.4}% 16
\BOOKMARK [2][-]{subsection.2.5}{\376\377\000B\000o\000r\000n\000\040\000E\000l\000e\000c\000t\000r\000o\000l\000y\000t\000e\000\040\000T\000e\000r\000m\000\040\000C\000o\000n\000t\000r\000i\000b\000u\000t\000i\000o\000n}{section.2}% 17
\BOOKMARK [1][-]{section.3}{\376\377\000C\000h\000e\000m\000i\000c\000a\000l\000\040\000P\000o\000t\000e\000n\000t\000i\000a\000l}{}% 18
\BOOKMARK [2][-]{subsection.3.1}{\376\377\000H\000a\000r\000d\000-\000C\000h\000a\000i\000n\000\040\000R\000e\000f\000e\000r\000e\000n\000c\000e\000\040\000C\000o\000n\000t\000r\000i\000b\000u\000t\000i\000o\000n}{section.3}% 19
\BOOKMARK [2][-]{subsection.3.2}{\376\377\000D\000i\000s\000p\000e\000r\000s\000i\000o\000n\000\040\000C\000o\000n\000t\000r\000i\000b\000u\000t\000i\000o\000n}{section.3}% 20
\BOOKMARK [2][-]{subsection.3.3}{\376\377\000A\000s\000s\000o\000c\000i\000a\000t\000i\000o\000n\000\040\000C\000o\000n\000t\000r\000i\000b\000u\000t\000i\000o\000n}{section.3}% 21
\BOOKMARK [2][-]{subsection.3.4}{\376\377\000D\000e\000b\000y\000e\000\040\000a\000n\000d\000\040\000H\000u\000c\000k\000e\000l\000\040\000E\000l\000e\000c\000t\000r\000o\000l\000y\000t\000e\000\040\000T\000e\000r\000m\000\040\000C\000o\000n\000t\000r\000i\000b\000u\000t\000i\000o\000n}{section.3}% 22
\BOOKMARK [3][-]{subsubsection.3.4.1}{\376\377\000B\000j\000e\000r\000r\000u\000m\000\040\000T\000r\000e\000a\000t\000m\000e\000n\000t}{subsection.3.4}% 23
\BOOKMARK [3][-]{subsubsection.3.4.2}{\376\377\000D\000i\000e\000l\000e\000c\000t\000r\000i\000c\000\040\000C\000o\000n\000s\000t\000a\000n\000t}{subsection.3.4}% 24
\BOOKMARK [2][-]{subsection.3.5}{\376\377\000B\000o\000r\000n\000\040\000E\000l\000e\000c\000t\000r\000o\000l\000y\000t\000e\000\040\000T\000e\000r\000m\000\040\000C\000o\000n\000t\000r\000i\000b\000u\000t\000i\000o\000n}{section.3}% 25
\BOOKMARK [3][-]{subsubsection.3.5.1}{\376\377\000S\000o\000l\000v\000a\000t\000i\000o\000n\000\040\000S\000h\000e\000l\000l\000\040\000M\000o\000d\000e\000l\000\040\000+\000\040\000D\000i\000e\000l\000e\000c\000t\000r\000i\000c\000\040\000S\000a\000t\000u\000r\000a\000t\000i\000o\000n}{subsection.3.5}% 26
\BOOKMARK [1][-]{section.4}{\376\377\000F\000u\000g\000a\000c\000i\000t\000y\000\040\000C\000o\000e\000f\000f\000i\000c\000i\000e\000n\000t}{}% 27
\BOOKMARK [2][-]{subsection.4.1}{\376\377\000H\000a\000r\000d\000-\000C\000h\000a\000i\000n\000\040\000R\000e\000f\000e\000r\000e\000n\000c\000e\000\040\000C\000o\000n\000t\000r\000i\000b\000u\000t\000i\000o\000n}{section.4}% 28
\BOOKMARK [2][-]{subsection.4.2}{\376\377\000D\000i\000s\000p\000e\000r\000s\000i\000o\000n\000\040\000C\000o\000n\000t\000r\000i\000b\000u\000t\000i\000o\000n}{section.4}% 29
\BOOKMARK [2][-]{subsection.4.3}{\376\377\000A\000s\000s\000o\000c\000i\000a\000t\000i\000o\000n\000\040\000C\000o\000n\000t\000r\000i\000b\000u\000t\000i\000o\000n}{section.4}% 30
\BOOKMARK [2][-]{subsection.4.4}{\376\377\000D\000e\000b\000y\000e\000\040\000a\000n\000d\000\040\000H\000u\000c\000k\000e\000l\000\040\000E\000l\000e\000c\000t\000r\000o\000l\000y\000t\000e\000\040\000T\000e\000r\000m\000\040\000C\000o\000n\000t\000r\000i\000b\000u\000t\000i\000o\000n}{section.4}% 31
\BOOKMARK [2][-]{subsection.4.5}{\376\377\000B\000o\000r\000n\000\040\000E\000l\000e\000c\000t\000r\000o\000l\000y\000t\000e\000\040\000T\000e\000r\000m\000\040\000C\000o\000n\000t\000r\000i\000b\000u\000t\000i\000o\000n}{section.4}% 32
\BOOKMARK [1][-]{section.5}{\376\377\000A\000c\000t\000i\000v\000i\000t\000y\000\040\000C\000o\000e\000f\000f\000i\000c\000i\000e\000n\000t}{}% 33
\BOOKMARK [2][-]{subsection.5.1}{\376\377\000H\000a\000r\000d\000-\000C\000h\000a\000i\000n\000\040\000R\000e\000f\000e\000r\000e\000n\000c\000e\000\040\000C\000o\000n\000t\000r\000i\000b\000u\000t\000i\000o\000n}{section.5}% 34
\BOOKMARK [2][-]{subsection.5.2}{\376\377\000D\000i\000s\000p\000e\000r\000s\000i\000o\000n\000\040\000C\000o\000n\000t\000r\000i\000b\000u\000t\000i\000o\000n}{section.5}% 35
\BOOKMARK [2][-]{subsection.5.3}{\376\377\000A\000s\000s\000o\000c\000i\000a\000t\000i\000o\000n\000\040\000C\000o\000n\000t\000r\000i\000b\000u\000t\000i\000o\000n}{section.5}% 36
\BOOKMARK [2][-]{subsection.5.4}{\376\377\000D\000e\000b\000y\000e\000\040\000a\000n\000d\000\040\000H\000u\000c\000k\000e\000l\000\040\000E\000l\000e\000c\000t\000r\000o\000l\000y\000t\000e\000\040\000T\000e\000r\000m\000\040\000C\000o\000n\000t\000r\000i\000b\000u\000t\000i\000o\000n}{section.5}% 37
\BOOKMARK [2][-]{subsection.5.5}{\376\377\000B\000o\000r\000n\000\040\000E\000l\000e\000c\000t\000r\000o\000l\000y\000t\000e\000\040\000T\000e\000r\000m\000\040\000C\000o\000n\000t\000r\000i\000b\000u\000t\000i\000o\000n}{section.5}% 38
\BOOKMARK [1][-]{section.6}{\376\377\000E\000n\000t\000h\000a\000l\000p\000y\000,\000\040\000E\000n\000t\000r\000o\000p\000y\000,\000\040\000a\000n\000d\000\040\000G\000i\000b\000b\000s\000\040\000F\000r\000e\000e\000\040\000E\000n\000e\000r\000g\000y}{}% 39
\BOOKMARK [2][-]{subsection.6.1}{\376\377\000E\000n\000t\000r\000o\000p\000y}{section.6}% 40
\BOOKMARK [2][-]{subsection.6.2}{\376\377\000E\000n\000t\000r\000o\000p\000y}{section.6}% 41
\BOOKMARK [2][-]{subsection.6.3}{\376\377\000G\000i\000b\000b\000s\000\040\000F\000r\000e\000e\000\040\000E\000n\000e\000r\000g\000y}{section.6}% 42
\BOOKMARK [2][-]{subsection.6.4}{\376\377\000T\000e\000m\000p\000e\000r\000a\000t\000u\000r\000e\000\040\000D\000i\000f\000f\000e\000r\000e\000n\000t\000i\000a\000l\000\040\000E\000q\000u\000a\000t\000i\000o\000n\000s}{section.6}% 43
\BOOKMARK [3][-]{subsubsection.6.4.1}{\376\377\000H\000a\000r\000d\000-\000C\000h\000a\000i\000n\000\040\000R\000e\000f\000e\000r\000e\000n\000c\000e\000\040\000C\000o\000n\000t\000r\000i\000b\000u\000t\000i\000o\000n}{subsection.6.4}% 44
\BOOKMARK [3][-]{subsubsection.6.4.2}{\376\377\000D\000i\000s\000p\000e\000r\000s\000i\000o\000n\000\040\000C\000o\000n\000t\000r\000i\000b\000u\000t\000i\000o\000n}{subsection.6.4}% 45
\BOOKMARK [3][-]{subsubsection.6.4.3}{\376\377\000D\000e\000b\000y\000e\000\040\000a\000n\000d\000\040\000H\000u\000c\000k\000e\000l\000\040\000E\000l\000e\000c\000t\000r\000o\000l\000y\000t\000e\000\040\000T\000e\000r\000m\000\040\000C\000o\000n\000t\000r\000i\000b\000u\000t\000i\000o\000n}{subsection.6.4}% 46
\BOOKMARK [3][-]{subsubsection.6.4.4}{\376\377\000B\000o\000r\000n\000\040\000C\000o\000n\000t\000r\000i\000b\000u\000t\000i\000o\000n}{subsection.6.4}% 47
\BOOKMARK [1][-]{section.7}{\376\377\000S\000a\000l\000t\000\040\000B\000a\000s\000i\000s\000\040\000C\000o\000n\000v\000e\000r\000s\000i\000o\000n\000s}{}% 48
